{"/Users/mac/neocentra-bank/neocentra-bank-layout/src/__mocks__/shared_remote/apiHelper.ts": {"path":"/Users/mac/neocentra-bank/neocentra-bank-layout/src/__mocks__/shared_remote/apiHelper.ts","statementMap":{"0":{"start":{"line":2,"column":27},"end":{"line":8,"column":null}}},"fnMap":{},"branchMap":{},"s":{"0":1},"f":{},"b":{},"meta":{"lastBranch":0,"lastFunction":0,"lastStatement":1,"seen":{"s:2:27:8:Infinity":0},"fnNames":{}}}
,"/Users/mac/neocentra-bank/neocentra-bank-layout/src/__mocks__/shared_remote/store.ts": {"path":"/Users/mac/neocentra-bank/neocentra-bank-layout/src/__mocks__/shared_remote/store.ts","statementMap":{"0":{"start":{"line":2,"column":13},"end":{"line":4,"column":null}},"1":{"start":{"line":3,"column":27},"end":{"line":3,"column":null}}},"fnMap":{"0":{"name":"(anonymous_0)","decl":{"start":{"line":3,"column":2},"end":{"line":3,"column":12}},"loc":{"start":{"line":3,"column":27},"end":{"line":3,"column":null}},"line":3}},"branchMap":{"0":{"loc":{"start":{"line":3,"column":12},"end":{"line":3,"column":27}},"type":"default-arg","locations":[{"start":{"line":3,"column":20},"end":{"line":3,"column":27}}],"line":3}},"s":{"0":1,"1":1},"f":{"0":1},"b":{"0":[1]},"meta":{"lastBranch":1,"lastFunction":1,"lastStatement":2,"seen":{"s:2:13:4:Infinity":0,"f:3:2:3:12":0,"s:3:27:3:Infinity":1,"b:3:20:3:27":0},"fnNames":{}}}
,"/Users/mac/neocentra-bank/neocentra-bank-layout/src/components/MfeProviders.tsx": {"path":"/Users/mac/neocentra-bank/neocentra-bank-layout/src/components/MfeProviders.tsx","statementMap":{"0":{"start":{"line":12,"column":2},"end":{"line":17,"column":null}}},"fnMap":{"0":{"name":"MfeProviders","decl":{"start":{"line":11,"column":24},"end":{"line":11,"column":37}},"loc":{"start":{"line":11,"column":70},"end":{"line":19,"column":null}},"line":11}},"branchMap":{},"s":{"0":1},"f":{"0":1},"b":{},"meta":{"lastBranch":0,"lastFunction":1,"lastStatement":1,"seen":{"f:11:24:11:37":0,"s:12:2:17:Infinity":0},"fnNames":{}}}
}
